<?xml version="1.0" encoding="UTF-8"?>
<testsuite name="HeroTest" time="0" tests="9" errors="0" skipped="0" failures="0">
  <properties>
[...]
</properties>
  <testcase name="all_returnsAllInstances_ofHer0" classname="HeroTest" time="0"/>
  <testcase name="Hero_Instatiates_Well" classname="HeroTest" time="0"/>
  <testcase name="Hero_Instatiates_withName" classname="HeroTest" time="0"/>
  <testcase name="getId_tasksInstantiateWithAnID_1" classname="HeroTest" time="0"/>
  <testcase name="Hero_Instatiates_withWeakness" classname="HeroTest" time="0"/>
  <testcase name="find_returnsTaskWithSameId_secondTask" classname="HeroTest" time="0"/>
  <testcase name="clear_emptiesAllTasksFromArrayList_0" classname="HeroTest" time="0"/>
  <testcase name="Hero_Instatiates_withSuperpower" classname="HeroTest" time="0"/>
  <testcase name="Hero_Instatiates_withAge" classname="HeroTest" time="0"/>
</testsuite>